<?xml version="1.0" encoding="UTF-8"?>
<testng-results ignored="0" total="1" passed="1" failed="0" skipped="0">
  <reporter-output>
  </reporter-output>
  <suite started-at="2025-01-17T13:27:53 IST" name="Default suite" finished-at="2025-01-17T13:28:04 IST" duration-ms="10365">
    <groups>
    </groups>
    <test started-at="2025-01-17T13:27:53 IST" name="Default test" finished-at="2025-01-17T13:28:04 IST" duration-ms="10365">
      <class name="redirect_301_checker.redirect_301_checker.CheckRedirectStatusCode">
        <test-method signature="get_301_redirect_url()[pri:0, instance:redirect_301_checker.redirect_301_checker.CheckRedirectStatusCode@4f209819]" started-at="2025-01-17T13:27:53 IST" name="get_301_redirect_url" finished-at="2025-01-17T13:28:04 IST" duration-ms="10300" status="PASS">
          <reporter-output>
          </reporter-output>
        </test-method> <!-- get_301_redirect_url -->
      </class> <!-- redirect_301_checker.redirect_301_checker.CheckRedirectStatusCode -->
    </test> <!-- Default test -->
  </suite> <!-- Default suite -->
</testng-results>
