<?xml version="1.0" encoding="UTF-8"?>
<!-- Generated by org.testng.reporters.JUnitReportReporter -->
<testsuite hostname="CISPL-IO-470" failures="0" tests="1" name="redirect_301_checker.redirect_301_checker.Make_GUI" time="0.333" errors="0" timestamp="2025-01-16T17:17:00 IST" skipped="0">
  <testcase classname="redirect_301_checker.redirect_301_checker.Make_GUI" name="create_statusCode_301_Checker_GUI" time="0.333"/>
  <system-out/>
</testsuite> <!-- redirect_301_checker.redirect_301_checker.Make_GUI -->
