<?xml version="1.0" encoding="UTF-8"?>
<!-- Generated by org.testng.reporters.JUnitReportReporter -->
<testsuite hostname="CISPL-IO-470" failures="0" tests="1" name="redirect_301_checker.redirect_301_checker.CheckRedirectStatusCode" time="10.300" errors="0" timestamp="2025-01-17T13:28:04 IST" skipped="0">
  <testcase classname="redirect_301_checker.redirect_301_checker.CheckRedirectStatusCode" name="get_301_redirect_url" time="10.300"/>
  <system-out/>
</testsuite> <!-- redirect_301_checker.redirect_301_checker.CheckRedirectStatusCode -->
